<?xml version="1.0" encoding="UTF-8"?>
<!-- Generated by org.testng.reporters.JUnitXMLReporter -->
<testsuite ignored="0" hostname="HarshAbhi" failures="1" tests="1" name="Default test(failed)" time="0.039" errors="0" timestamp="2026-04-07T17:18:22 IST">
  <testcase classname="testCases.DataProviderForSingleData" name="test1" time="0.0">
    <failure type="org.testng.TestNGException" message="
Data Provider public java.lang.String testCases.DataProviderForSingleData.getData() must return either Object[][] or Object[] or Iterator&amp;lt;Object[]&amp;gt; or Iterator&amp;lt;Object&amp;gt;, not class java.lang.String">
      <![CDATA[org.testng.TestNGException: 
Data Provider public java.lang.String testCases.DataProviderForSingleData.getData() must return either Object[][] or Object[] or Iterator<Object[]> or Iterator<Object>, not class java.lang.String
at java.base/java.util.ArrayList.forEach(ArrayList.java:1596)
... Removed 24 stack frames]]>
    </failure>
  </testcase> <!-- test1 -->
</testsuite> <!-- Default test(failed) -->
