<?xml version="1.0" encoding="UTF-8"?>
<!-- Generated by org.testng.reporters.JUnitXMLReporter -->
<testsuite ignored="3" hostname="HarshAbhi" failures="0" tests="3" name="MyFirstTestCase" time="0.076" errors="0" timestamp="2026-04-02T16:19:29 IST">
  <testcase classname="testCases.MyFirstTestCase" name="test3" time="0.011"/>
  <testcase classname="testCases.MySecondTestCase" name="test1" time="0.006"/>
  <testcase classname="testCases.MySecondTestCase" name="test2" time="0.004"/>
  <testcase classname="testCases.MyFirstTestCase" name="test1" time="0.0">
    <ignored/>
  </testcase> <!-- test1 -->
  <testcase classname="testCases.MySecondTestCase" name="test3" time="0.0">
    <ignored/>
  </testcase> <!-- test3 -->
  <testcase classname="testCases.MyFirstTestCase" name="test2" time="0.0">
    <ignored/>
  </testcase> <!-- test2 -->
</testsuite> <!-- MyFirstTestCase -->
