<?xml version="1.0" encoding="UTF-8"?>
<!-- Generated by org.testng.reporters.JUnitXMLReporter -->
<testsuite ignored="0" hostname="HarshAbhi" failures="0" tests="3" name="MySecondTestCase" time="0.02" errors="0" timestamp="2026-04-02T15:53:25 IST">
  <testcase classname="testCases.MySecondTestCase" name="test1" time="0.003"/>
  <testcase classname="testCases.MySecondTestCase" name="test2" time="0.002"/>
  <testcase classname="testCases.MySecondTestCase" name="test3" time="0.004"/>
</testsuite> <!-- MySecondTestCase -->
