<?xml version="1.0" encoding="UTF-8"?>
<!-- Generated by org.testng.reporters.JUnitXMLReporter -->
<testsuite ignored="0" hostname="HarshAbhi" failures="1" tests="1" name="testTag1" time="0.084" errors="0" timestamp="2026-04-03T16:08:52 IST">
  <testcase classname="testCases.TestCaseWithParameters" name="login1" time="0.0">
    <failure type="org.testng.TestNGException" message="
Parameter &amp;apos;Username&amp;apos; is required by @Test on method login1 but has not been marked @Optional or defined
in C:\Harshali Learn Automation\Eclipse\practiceMavenProject\testngParameters.xml">
      <![CDATA[org.testng.TestNGException: 
Parameter 'Username' is required by @Test on method login1 but has not been marked @Optional or defined
in C:\Harshali Learn Automation\Eclipse\practiceMavenProject\testngParameters.xml
at java.base/java.util.ArrayList.forEach(ArrayList.java:1596)
... Removed 26 stack frames]]>
    </failure>
  </testcase> <!-- login1 -->
</testsuite> <!-- testTag1 -->
