<?xml version="1.0" encoding="UTF-8"?>
<!-- Generated by org.testng.reporters.JUnitXMLReporter -->
<testsuite ignored="0" hostname="HarshAbhi" failures="1" tests="3" name="test" time="0.078" errors="0" timestamp="2026-04-08T14:57:56 IST">
  <testcase classname="testCases.ListenerTestCases" name="test1" time="0.011"/>
  <testcase classname="testCases.ListenerTestCases" name="test2" time="0.002">
    <failure type="junit.framework.AssertionFailedError">
      <![CDATA[junit.framework.AssertionFailedError
at junit.framework.Assert.fail(Assert.java:47)
at junit.framework.Assert.assertTrue(Assert.java:20)
at junit.framework.Assert.assertTrue(Assert.java:27)
at testCases.ListenerTestCases.test2(ListenerTestCases.java:24)
at java.base/java.util.ArrayList.forEach(ArrayList.java:1596)
... Removed 25 stack frames]]>
    </failure>
  </testcase> <!-- test2 -->
  <testcase classname="testCases.ListenerTestCases" name="test3" time="0.003">
    <skipped/>
  </testcase> <!-- test3 -->
</testsuite> <!-- test -->
