<?xml version="1.0" encoding="UTF-8"?>
<!-- Generated by org.testng.reporters.JUnitReportReporter -->
<testsuite hostname="HarshAbhi" failures="0" tests="5" name="testCases.ExcelInputDataGetter" time="0.026" errors="0" timestamp="2026-04-07T16:20:10 IST" skipped="0">
  <testcase classname="testCases.ExcelInputDataGetter" name="test1" time="0.005"/>
  <testcase classname="testCases.ExcelInputDataGetter" name="test1" time="0.009"/>
  <testcase classname="testCases.ExcelInputDataGetter" name="test1" time="0.005"/>
  <testcase classname="testCases.ExcelInputDataGetter" name="test1" time="0.005"/>
  <testcase classname="testCases.ExcelInputDataGetter" name="test1" time="0.002"/>
</testsuite> <!-- testCases.ExcelInputDataGetter -->
