<?xml version="1.0" encoding="UTF-8"?>
<!-- Generated by org.testng.reporters.JUnitReportReporter -->
<testsuite hostname="HarshAbhi" failures="0" tests="3" name="testCases.TestNGPriorityTC1" time="0.020" errors="0" timestamp="2026-04-07T15:27:32 IST" skipped="0">
  <testcase classname="testCases.TestNGPriorityTC1" name="testB" time="0.010"/>
  <testcase classname="testCases.TestNGPriorityTC1" name="testA" time="0.004"/>
  <testcase classname="testCases.TestNGPriorityTC1" name="testC" time="0.006"/>
</testsuite> <!-- testCases.TestNGPriorityTC1 -->
